<?xml version="1.0" encoding="UTF-8"?>
<!-- Generated by org.testng.reporters.JUnitReportReporter -->
<testsuite skipped="0" hostname="DESKTOP-BKU2C0M" name="com.flipkart.HomePage.TC001_VerifyUserMenuOptions" tests="1" failures="0" timestamp="12 Dec 2018 12:57:11 GMT" time="28.993" errors="0">
  <testcase name="verifyUserMenuOptions" time="28.993" classname="com.flipkart.HomePage.TC001_VerifyUserMenuOptions"/>
</testsuite> <!-- com.flipkart.HomePage.TC001_VerifyUserMenuOptions -->
