<?xml version="1.0" encoding="UTF-8"?>
<!-- Generated by org.testng.reporters.JUnitReportReporter -->
<testsuite skipped="0" hostname="DESKTOP-BKU2C0M" name="com.flipkart.Login.TC001_VerifyLoginFunctionality" tests="1" failures="0" timestamp="12 Dec 2018 09:54:33 GMT" time="3.211" errors="0">
  <testcase name="verifyLoginWithValidCredentials" time="3.211" classname="com.flipkart.Login.TC001_VerifyLoginFunctionality"/>
</testsuite> <!-- com.flipkart.Login.TC001_VerifyLoginFunctionality -->
