<?xml version="1.0" encoding="UTF-8"?>
<!-- Generated by org.testng.reporters.JUnitReportReporter -->
<testsuite skipped="0" hostname="DESKTOP-BKU2C0M" name="com.flipkart.HomePage.TC002_VerifyMoreOptions" tests="1" failures="0" timestamp="12 Dec 2018 14:53:47 GMT" time="47.388" errors="0">
  <testcase name="verifyMore" time="47.388" classname="com.flipkart.HomePage.TC002_VerifyMoreOptions"/>
</testsuite> <!-- com.flipkart.HomePage.TC002_VerifyMoreOptions -->
