<?xml version="1.0" encoding="UTF-8"?>
<!-- Generated by org.testng.reporters.JUnitReportReporter -->
<testsuite skipped="0" hostname="DESKTOP-BKU2C0M" name="com.flipkart.Login.checkingCode" tests="1" failures="0" timestamp="12 Dec 2018 16:18:17 GMT" time="25.565" errors="0">
  <testcase name="checkCode" time="25.565" classname="com.flipkart.Login.checkingCode"/>
</testsuite> <!-- com.flipkart.Login.checkingCode -->
